<?xml version="1.0" encoding="UTF-8"?>
<!-- Generated by org.testng.reporters.JUnitXMLReporter -->
<testsuite ignored="0" hostname="DESKTOP-EMG6711" failures="0" tests="5" name="Test" time="24.844" errors="0" timestamp="2022-02-17T16:54:54 GMT">
  <testcase classname="tests.WishListTest" name="wishList" time="0.004"/>
  <testcase classname="tests.DownloadTest" name="download" time="0.0"/>
  <testcase classname="tests.RegistrationTest" name="register" time="0.0"/>
  <testcase classname="tests.LoginTest" name="login" time="2.538"/>
  <testcase classname="tests.LoginTest" name="login" time="11.901"/>
</testsuite> <!-- Test -->
